[INITIALIZATION][CLIENT][INFO] CraftTweaker: Building registry
[INITIALIZATION][CLIENT][INFO] CraftTweaker: Successfully built item registry
[INITIALIZATION][CLIENT][INFO] Loading scripts
[INITIALIZATION][CLIENT][INFO] [crafttweaker | SIDE_CLIENT]: Loading Script: {[0:crafttweaker]: 00_recipe_changes.zs}
[INITIALIZATION][CLIENT][ERROR] 00_recipe_changes.zs:7: Could not resolve <ic2 : te : 82>
[INITIALIZATION][CLIENT][ERROR] 00_recipe_changes.zs:8: Could not resolve <opencomputers : upgrade : 4>
[INITIALIZATION][CLIENT][ERROR] 00_recipe_changes.zs:17: Could not resolve <extrautils2 : sickle_wood>
[INITIALIZATION][CLIENT][ERROR] 00_recipe_changes.zs:18: Could not resolve <extrautils2 : sickle_stone>
[INITIALIZATION][CLIENT][ERROR] 00_recipe_changes.zs:19: Could not resolve <extrautils2 : sickle_iron>
[INITIALIZATION][CLIENT][ERROR] 00_recipe_changes.zs:20: Could not resolve <extrautils2 : sickle_gold>
[INITIALIZATION][CLIENT][ERROR] 00_recipe_changes.zs:21: Could not resolve <extrautils2 : sickle_diamond>
[INITIALIZATION][CLIENT][ERROR] 00_recipe_changes.zs:67: Could not resolve <extrautils2 : bagofholding>
[INITIALIZATION][CLIENT][ERROR] 00_recipe_changes.zs:68: Could not resolve <extrautils2 : bagofholding>
[INITIALIZATION][CLIENT][ERROR] 00_recipe_changes.zs:69: Could not resolve <nuclearcraft : water_source>
[INITIALIZATION][CLIENT][ERROR] 00_recipe_changes.zs:70: Could not resolve <nuclearcraft : water_source>
[INITIALIZATION][CLIENT][ERROR] 00_recipe_changes.zs:81: Could not resolve <opencomputers : material : 29>
[INITIALIZATION][CLIENT][ERROR] 00_recipe_changes.zs:82: Could not resolve <opencomputers : material : 29>
[INITIALIZATION][CLIENT][ERROR] 00_recipe_changes.zs:96: Could not resolve <advancedrocketry : seat>
[INITIALIZATION][CLIENT][ERROR] 00_recipe_changes.zs:97: Could not resolve <advancedrocketry : seat>
[INITIALIZATION][CLIENT][ERROR] 00_recipe_changes.zs:108: Could not resolve <chisel : block_charcoal2 : 1>
[INITIALIZATION][CLIENT][INFO] Initializing 'recipe_changes.zs'...
[INITIALIZATION][CLIENT][ERROR] [crafttweaker]: Error executing {[0:crafttweaker]: 00_recipe_changes.zs}: Truncated class file
java.lang.ClassFormatError: Truncated class file
	at java.lang.ClassLoader.defineClass1(Native Method)
	at java.lang.ClassLoader.defineClass(ClassLoader.java:760)
	at java.lang.ClassLoader.defineClass(ClassLoader.java:642)
	at stanhebben.zenscript.ZenModule$MyClassLoader.findClass(ZenModule.java:389)
	at java.lang.ClassLoader.loadClass(ClassLoader.java:424)
	at java.lang.ClassLoader.loadClass(ClassLoader.java:357)
	at 00_recipe_changes.__script__(00_recipe_changes.zs:68)
	at __ZenMain__.run(00_recipe_changes)
	at crafttweaker.runtime.CrTTweaker.loadScript(CrTTweaker.java:161)
	at crafttweaker.runtime.CrTTweaker.load(CrTTweaker.java:64)
	at crafttweaker.CrafttweakerImplementationAPI.load(CrafttweakerImplementationAPI.java:115)
	at crafttweaker.mc1120.events.CommonEventHandler.registerRecipes(CommonEventHandler.java:49)
	at net.minecraftforge.fml.common.eventhandler.ASMEventHandler_610_CommonEventHandler_registerRecipes_Register.invoke(.dynamic)
	at net.minecraftforge.fml.common.eventhandler.ASMEventHandler.invoke(ASMEventHandler.java:90)
	at net.minecraftforge.fml.common.eventhandler.EventBus$1.invoke(EventBus.java:143)
	at net.minecraftforge.fml.common.eventhandler.EventBus.post(EventBus.java:179)
	at net.minecraftforge.registries.GameData.fireRegistryEvents(GameData.java:746)
	at net.minecraftforge.common.crafting.CraftingHelper.loadRecipes(CraftingHelper.java:622)
	at net.minecraftforge.fml.common.Loader.initializeMods(Loader.java:718)
	at net.minecraftforge.fml.client.FMLClientHandler.finishMinecraftLoading(FMLClientHandler.java:352)
	at net.minecraft.client.Minecraft.func_71384_a(Minecraft.java:534)
	at net.minecraft.client.Minecraft.func_99999_d(Minecraft.java:377)
	at net.minecraft.client.main.Main.main(SourceFile:123)
	at sun.reflect.NativeMethodAccessorImpl.invoke0(Native Method)
	at sun.reflect.NativeMethodAccessorImpl.invoke(NativeMethodAccessorImpl.java:62)
	at sun.reflect.DelegatingMethodAccessorImpl.invoke(DelegatingMethodAccessorImpl.java:43)
	at java.lang.reflect.Method.invoke(Method.java:483)
	at net.minecraft.launchwrapper.Launch.launch(Launch.java:135)
	at net.minecraft.launchwrapper.Launch.main(Launch.java:28)
[INITIALIZATION][CLIENT][INFO] [crafttweaker | SIDE_CLIENT]: Loading Script: {[0:crafttweaker]: 01_unification.zs}
[INITIALIZATION][CLIENT][ERROR] 01_unification.zs:7: Could not resolve <ic2 : forge_hammer : *>
[INITIALIZATION][CLIENT][ERROR] 01_unification.zs:8: Could not resolve <ic2 : forge_hammer : *>
[INITIALIZATION][CLIENT][ERROR] 01_unification.zs:9: Could not resolve <ic2 : forge_hammer : *>
[INITIALIZATION][CLIENT][ERROR] 01_unification.zs:10: Could not resolve <ic2 : forge_hammer : *>
[INITIALIZATION][CLIENT][ERROR] 01_unification.zs:11: Could not resolve <ic2 : forge_hammer : *>
[INITIALIZATION][CLIENT][ERROR] 01_unification.zs:12: Could not resolve <ic2 : forge_hammer : *>
[INITIALIZATION][CLIENT][ERROR] 01_unification.zs:13: Could not resolve <ic2 : forge_hammer : *>
[INITIALIZATION][CLIENT][ERROR] 01_unification.zs:14: Could not resolve <ic2 : forge_hammer : *>
[INITIALIZATION][CLIENT][ERROR] 01_unification.zs:15: Could not resolve <ic2 : forge_hammer : *>
[INITIALIZATION][CLIENT][ERROR] 01_unification.zs:16: Could not resolve <ic2 : forge_hammer : *>
[INITIALIZATION][CLIENT][ERROR] 01_unification.zs:17: Could not resolve <ic2 : forge_hammer : *>
[INITIALIZATION][CLIENT][ERROR] 01_unification.zs:18: Could not resolve <ic2 : forge_hammer : *>
[INITIALIZATION][CLIENT][ERROR] 01_unification.zs:19: Could not resolve <ic2 : forge_hammer : *>
[INITIALIZATION][CLIENT][ERROR] 01_unification.zs:20: Could not resolve <ic2 : forge_hammer : *>
[INITIALIZATION][CLIENT][ERROR] 01_unification.zs:21: Could not resolve <ic2 : forge_hammer : *>
[INITIALIZATION][CLIENT][ERROR] 01_unification.zs:22: Could not resolve <ic2 : forge_hammer : *>
[INITIALIZATION][CLIENT][ERROR] 01_unification.zs:23: Could not resolve <ic2 : forge_hammer : *>
[INITIALIZATION][CLIENT][ERROR] 01_unification.zs:24: Could not resolve <ic2 : forge_hammer : *>
[INITIALIZATION][CLIENT][ERROR] 01_unification.zs:25: Could not resolve <ic2 : forge_hammer : *>
[INITIALIZATION][CLIENT][ERROR] 01_unification.zs:26: Could not resolve <immersiveengineering : tool>
[INITIALIZATION][CLIENT][ERROR] 01_unification.zs:27: Could not resolve <immersiveengineering : tool>
[INITIALIZATION][CLIENT][ERROR] 01_unification.zs:28: Could not resolve <immersiveengineering : tool>
[INITIALIZATION][CLIENT][ERROR] 01_unification.zs:29: Could not resolve <immersiveengineering : tool>
[INITIALIZATION][CLIENT][ERROR] 01_unification.zs:30: Could not resolve <immersiveengineering : tool>
[INITIALIZATION][CLIENT][ERROR] 01_unification.zs:31: Could not resolve <immersiveengineering : tool>
[INITIALIZATION][CLIENT][ERROR] 01_unification.zs:32: Could not resolve <immersiveengineering : tool>
[INITIALIZATION][CLIENT][ERROR] 01_unification.zs:33: Could not resolve <immersiveengineering : tool>
[INITIALIZATION][CLIENT][ERROR] 01_unification.zs:34: Could not resolve <immersiveengineering : tool>
[INITIALIZATION][CLIENT][ERROR] 01_unification.zs:35: Could not resolve <immersiveengineering : tool>
[INITIALIZATION][CLIENT][ERROR] 01_unification.zs:36: Could not resolve <immersiveengineering : tool>
[INITIALIZATION][CLIENT][ERROR] 01_unification.zs:37: Could not resolve <immersiveengineering : tool>
[INITIALIZATION][CLIENT][ERROR] 01_unification.zs:38: Could not resolve <immersiveengineering : tool>
[INITIALIZATION][CLIENT][ERROR] 01_unification.zs:39: Could not resolve <immersiveengineering : tool>
[INITIALIZATION][CLIENT][ERROR] 01_unification.zs:40: Could not resolve <immersiveengineering : tool>
[INITIALIZATION][CLIENT][ERROR] 01_unification.zs:41: Could not resolve <immersiveengineering : tool>
[INITIALIZATION][CLIENT][ERROR] 01_unification.zs:42: Could not resolve <immersiveengineering : tool>
[INITIALIZATION][CLIENT][ERROR] 01_unification.zs:43: Could not resolve <immersiveengineering : tool>
[INITIALIZATION][CLIENT][INFO] Initializing 'unification.zs'...
[INITIALIZATION][CLIENT][ERROR] Null not allowed in shapeless recipes! Recipe for: <thermalfoundation:material:325> not created!
[INITIALIZATION][CLIENT][ERROR] Null not allowed in shapeless recipes! Recipe for: <thermalfoundation:material:324> not created!
[INITIALIZATION][CLIENT][ERROR] Null not allowed in shapeless recipes! Recipe for: <thermalfoundation:material:352> not created!
[INITIALIZATION][CLIENT][ERROR] Null not allowed in shapeless recipes! Recipe for: <thermalfoundation:material:33> not created!
[INITIALIZATION][CLIENT][ERROR] Null not allowed in shapeless recipes! Recipe for: <thermalfoundation:material:322> not created!
[INITIALIZATION][CLIENT][ERROR] Null not allowed in shapeless recipes! Recipe for: <thermalfoundation:material:355> not created!
[INITIALIZATION][CLIENT][ERROR] Null not allowed in shapeless recipes! Recipe for: <thermalfoundation:material:321> not created!
[INITIALIZATION][CLIENT][ERROR] Null not allowed in shapeless recipes! Recipe for: <thermalfoundation:material:320> not created!
[INITIALIZATION][CLIENT][ERROR] Null not allowed in shapeless recipes! Recipe for: <thermalfoundation:material:32> not created!
[INITIALIZATION][CLIENT][ERROR] Null not allowed in shapeless recipes! Recipe for: <thermalfoundation:material:323> not created!
[INITIALIZATION][CLIENT][ERROR] Null not allowed in shapeless recipes! Recipe for: <thermalfoundation:material:353> not created!
[INITIALIZATION][CLIENT][ERROR] Null not allowed in shapeless recipes! Recipe for: <thermalfoundation:material:327> not created!
[INITIALIZATION][CLIENT][ERROR] Null not allowed in shapeless recipes! Recipe for: <thermalfoundation:material:356> not created!
[INITIALIZATION][CLIENT][ERROR] Null not allowed in shapeless recipes! Recipe for: <thermalfoundation:material:358> not created!
[INITIALIZATION][CLIENT][ERROR] Null not allowed in shapeless recipes! Recipe for: <thermalfoundation:material:359> not created!
[INITIALIZATION][CLIENT][ERROR] Null not allowed in shapeless recipes! Recipe for: <thermalfoundation:material:354> not created!
[INITIALIZATION][CLIENT][ERROR] Null not allowed in shapeless recipes! Recipe for: <thermalfoundation:material:357> not created!
[INITIALIZATION][CLIENT][ERROR] Null not allowed in shapeless recipes! Recipe for: <thermalfoundation:material:328> not created!
[INITIALIZATION][CLIENT][ERROR] Null not allowed in shapeless recipes! Recipe for: <thermalfoundation:material:326> not created!
[INITIALIZATION][CLIENT][ERROR] Null not allowed in shapeless recipes! Recipe for: <thermalfoundation:material:326> not created!
[INITIALIZATION][CLIENT][ERROR] Null not allowed in shapeless recipes! Recipe for: <thermalfoundation:material:328> not created!
[INITIALIZATION][CLIENT][ERROR] Null not allowed in shapeless recipes! Recipe for: <thermalfoundation:material:357> not created!
[INITIALIZATION][CLIENT][ERROR] Null not allowed in shapeless recipes! Recipe for: <thermalfoundation:material:354> not created!
[INITIALIZATION][CLIENT][ERROR] Null not allowed in shapeless recipes! Recipe for: <thermalfoundation:material:359> not created!
[INITIALIZATION][CLIENT][ERROR] Null not allowed in shapeless recipes! Recipe for: <thermalfoundation:material:358> not created!
[INITIALIZATION][CLIENT][ERROR] Null not allowed in shapeless recipes! Recipe for: <thermalfoundation:material:356> not created!
[INITIALIZATION][CLIENT][ERROR] Null not allowed in shapeless recipes! Recipe for: <thermalfoundation:material:327> not created!
[INITIALIZATION][CLIENT][ERROR] Null not allowed in shapeless recipes! Recipe for: <thermalfoundation:material:353> not created!
[INITIALIZATION][CLIENT][ERROR] Null not allowed in shapeless recipes! Recipe for: <thermalfoundation:material:323> not created!
[INITIALIZATION][CLIENT][ERROR] Null not allowed in shapeless recipes! Recipe for: <thermalfoundation:material:325> not created!
[INITIALIZATION][CLIENT][ERROR] Null not allowed in shapeless recipes! Recipe for: <thermalfoundation:material:324> not created!
[INITIALIZATION][CLIENT][ERROR] Null not allowed in shapeless recipes! Recipe for: <thermalfoundation:material:352> not created!
[INITIALIZATION][CLIENT][ERROR] Null not allowed in shapeless recipes! Recipe for: <thermalfoundation:material:33> not created!
[INITIALIZATION][CLIENT][ERROR] Null not allowed in shapeless recipes! Recipe for: <thermalfoundation:material:322> not created!
[INITIALIZATION][CLIENT][ERROR] Null not allowed in shapeless recipes! Recipe for: <thermalfoundation:material:321> not created!
[INITIALIZATION][CLIENT][ERROR] Null not allowed in shapeless recipes! Recipe for: <thermalfoundation:material:320> not created!
[INITIALIZATION][CLIENT][ERROR] Null not allowed in shapeless recipes! Recipe for: <thermalfoundation:material:32> not created!
[INITIALIZATION][CLIENT][INFO] Initialized 'unification.zs'
[INITIALIZATION][CLIENT][INFO] Completed script loading in: 327ms
[POSTINITIALIZATION][CLIENT][ERROR] Error while applying actions
java.lang.NullPointerException
	at crafttweaker.mc1120.recipes.MCRecipeManager$ActionRemoveRecipesNoIngredients.matches(MCRecipeManager.java:497)
	at crafttweaker.mc1120.recipes.MCRecipeManager$ActionRemoveRecipesNoIngredients.apply(MCRecipeManager.java:485)
	at crafttweaker.mc1120.CraftTweaker.onPostInit(CraftTweaker.java:127)
	at sun.reflect.NativeMethodAccessorImpl.invoke0(Native Method)
	at sun.reflect.NativeMethodAccessorImpl.invoke(NativeMethodAccessorImpl.java:62)
	at sun.reflect.DelegatingMethodAccessorImpl.invoke(DelegatingMethodAccessorImpl.java:43)
	at java.lang.reflect.Method.invoke(Method.java:483)
	at net.minecraftforge.fml.common.FMLModContainer.handleModStateEvent(FMLModContainer.java:606)
	at sun.reflect.GeneratedMethodAccessor2.invoke(Unknown Source)
	at sun.reflect.DelegatingMethodAccessorImpl.invoke(DelegatingMethodAccessorImpl.java:43)
	at java.lang.reflect.Method.invoke(Method.java:483)
	at com.google.common.eventbus.Subscriber.invokeSubscriberMethod(Subscriber.java:91)
	at com.google.common.eventbus.Subscriber$SynchronizedSubscriber.invokeSubscriberMethod(Subscriber.java:150)
	at com.google.common.eventbus.Subscriber$1.run(Subscriber.java:76)
	at com.google.common.util.concurrent.MoreExecutors$DirectExecutor.execute(MoreExecutors.java:399)
	at com.google.common.eventbus.Subscriber.dispatchEvent(Subscriber.java:71)
	at com.google.common.eventbus.Dispatcher$PerThreadQueuedDispatcher.dispatch(Dispatcher.java:116)
	at com.google.common.eventbus.EventBus.post(EventBus.java:217)
	at net.minecraftforge.fml.common.LoadController.sendEventToModContainer(LoadController.java:278)
	at net.minecraftforge.fml.common.LoadController.propogateStateMessage(LoadController.java:256)
	at sun.reflect.NativeMethodAccessorImpl.invoke0(Native Method)
	at sun.reflect.NativeMethodAccessorImpl.invoke(NativeMethodAccessorImpl.java:62)
	at sun.reflect.DelegatingMethodAccessorImpl.invoke(DelegatingMethodAccessorImpl.java:43)
	at java.lang.reflect.Method.invoke(Method.java:483)
	at com.google.common.eventbus.Subscriber.invokeSubscriberMethod(Subscriber.java:91)
	at com.google.common.eventbus.Subscriber$SynchronizedSubscriber.invokeSubscriberMethod(Subscriber.java:150)
	at com.google.common.eventbus.Subscriber$1.run(Subscriber.java:76)
	at com.google.common.util.concurrent.MoreExecutors$DirectExecutor.execute(MoreExecutors.java:399)
	at com.google.common.eventbus.Subscriber.dispatchEvent(Subscriber.java:71)
	at com.google.common.eventbus.Dispatcher$PerThreadQueuedDispatcher.dispatch(Dispatcher.java:116)
	at com.google.common.eventbus.EventBus.post(EventBus.java:217)
	at net.minecraftforge.fml.common.LoadController.distributeStateMessage(LoadController.java:148)
	at net.minecraftforge.fml.common.Loader.initializeMods(Loader.java:725)
	at net.minecraftforge.fml.client.FMLClientHandler.finishMinecraftLoading(FMLClientHandler.java:352)
	at net.minecraft.client.Minecraft.func_71384_a(Minecraft.java:534)
	at net.minecraft.client.Minecraft.func_99999_d(Minecraft.java:377)
	at net.minecraft.client.main.Main.main(SourceFile:123)
	at sun.reflect.NativeMethodAccessorImpl.invoke0(Native Method)
	at sun.reflect.NativeMethodAccessorImpl.invoke(NativeMethodAccessorImpl.java:62)
	at sun.reflect.DelegatingMethodAccessorImpl.invoke(DelegatingMethodAccessorImpl.java:43)
	at java.lang.reflect.Method.invoke(Method.java:483)
	at net.minecraft.launchwrapper.Launch.launch(Launch.java:135)
	at net.minecraft.launchwrapper.Launch.main(Launch.java:28)
